# JRE version: OpenJDK Runtime Environment GraalVM CE 22.3.0 (17.0.5+8) (build 17.0.5+8-jvmci-22.3-b08)
# Java VM: OpenJDK 64-Bit Server VM GraalVM CE 22.3.0 (17.0.5+8-jvmci-22.3-b08, mixed mode, sharing, tiered, jvmci, jvmci compiler, compressed oops, compressed class ptrs, parallel gc, linux-amd64)
GC Precious Log:
 CPUs: 8 total, 1 available
 Memory: 1024M
 Large Page Support: Disabled
 NUMA Support: Disabled
 Compressed Oops: Enabled (32-bit)
 Alignments: Space 512K, Generation 512K, Heap 2M
 Heap Min Capacity: 100M
 Heap Initial Capacity: 100M
 Heap Max Capacity: 512M
 Pre-touch: Disabled
 Parallel Workers: 1
Heap:
 PSYoungGen      total 65536K, used 47103K [0x00000000f5580000, 0x00000000fae80000, 0x0000000100000000)
  eden space 47104K, 99% used [0x00000000f5580000,0x00000000f837ffe8,0x00000000f8380000)
  from space 18432K, 0% used [0x00000000f9c80000,0x00000000f9c80000,0x00000000fae80000)
  to   space 15872K, 0% used [0x00000000f8380000,0x00000000f8380000,0x00000000f9300000)
 ParOldGen       total 349696K, used 349695K [0x00000000e0000000, 0x00000000f5580000, 0x00000000f5580000)
  object space 349696K, 99% used [0x00000000e0000000,0x00000000f557ffe8,0x00000000f5580000)
 Metaspace       used 59235K, committed 60288K, reserved 1105920K
  class space    used 5944K, committed 6400K, reserved 1048576K
GC Heap History (20 events):
Event: 1077.353 GC heap before
{Heap before GC invocations=863 (full 761):
 PSYoungGen      total 65536K, used 47103K [0x00000000f5580000, 0x00000000fae80000, 0x0000000100000000)
  eden space 47104K, 99% used [0x00000000f5580000,0x00000000f837fff8,0x00000000f8380000)
  from space 18432K, 0% used [0x00000000f9c80000,0x00000000f9c80000,0x00000000fae80000)
  to   space 15872K, 0% used [0x00000000f8380000,0x00000000f8380000,0x00000000f9300000)
 ParOldGen       total 349696K, used 349695K [0x00000000e0000000, 0x00000000f5580000, 0x00000000f5580000)
  object space 349696K, 99% used [0x00000000e0000000,0x00000000f557ffc8,0x00000000f5580000)
 Metaspace       used 59235K, committed 60288K, reserved 1105920K
  class space    used 5944K, committed 6400K, reserved 1048576K
}
Event: 1078.555 GC heap after
{Heap after GC invocations=863 (full 761):
 PSYoungGen      total 62976K, used 47103K [0x00000000f5580000, 0x00000000fae80000, 0x0000000100000000)
  eden space 47104K, 99% used [0x00000000f5580000,0x00000000f837fff8,0x00000000f8380000)
  from space 15872K, 0% used [0x00000000f8380000,0x00000000f8380000,0x00000000f9300000)
  to   space 18432K, 0% used [0x00000000f9c80000,0x00000000f9c80000,0x00000000fae80000)
 ParOldGen       total 349696K, used 349695K [0x00000000e0000000, 0x00000000f5580000, 0x00000000f5580000)
  object space 349696K, 99% used [0x00000000e0000000,0x00000000f557ffc8,0x00000000f5580000)
 Metaspace       used 59235K, committed 60288K, reserved 1105920K
  class space    used 5944K, committed 6400K, reserved 1048576K
}
Event: 1078.555 GC heap before
{Heap before GC invocations=864 (full 762):
 PSYoungGen      total 62976K, used 47103K [0x00000000f5580000, 0x00000000fae80000, 0x0000000100000000)
  eden space 47104K, 99% used [0x00000000f5580000,0x00000000f837fff8,0x00000000f8380000)
  from space 15872K, 0% used [0x00000000f8380000,0x00000000f8380000,0x00000000f9300000)
  to   space 18432K, 0% used [0x00000000f9c80000,0x00000000f9c80000,0x00000000fae80000)
 ParOldGen       total 349696K, used 349695K [0x00000000e0000000, 0x00000000f5580000, 0x00000000f5580000)
  object space 349696K, 99% used [0x00000000e0000000,0x00000000f557ffc8,0x00000000f5580000)
 Metaspace       used 59235K, committed 60288K, reserved 1105920K
  class space    used 5944K, committed 6400K, reserved 1048576K
}
Event: 1079.811 GC heap after
{Heap after GC invocations=864 (full 762):
 PSYoungGen      total 65536K, used 47103K [0x00000000f5580000, 0x00000000fae80000, 0x0000000100000000)
  eden space 47104K, 99% used [0x00000000f5580000,0x00000000f837fff8,0x00000000f8380000)
  from space 18432K, 0% used [0x00000000f9c80000,0x00000000f9c80000,0x00000000fae80000)
  to   space 15872K, 0% used [0x00000000f8380000,0x00000000f8380000,0x00000000f9300000)
 ParOldGen       total 349696K, used 349695K [0x00000000e0000000, 0x00000000f5580000, 0x00000000f5580000)
  object space 349696K, 99% used [0x00000000e0000000,0x00000000f557ffc8,0x00000000f5580000)
 Metaspace       used 59235K, committed 60288K, reserved 1105920K
  class space    used 5944K, committed 6400K, reserved 1048576K
}
Event: 1079.812 GC heap before
{Heap before GC invocations=865 (full 763):
 PSYoungGen      total 65536K, used 47103K [0x00000000f5580000, 0x00000000fae80000, 0x0000000100000000)
  eden space 47104K, 99% used [0x00000000f5580000,0x00000000f837fff8,0x00000000f8380000)
  from space 18432K, 0% used [0x00000000f9c80000,0x00000000f9c80000,0x00000000fae80000)
  to   space 15872K, 0% used [0x00000000f8380000,0x00000000f8380000,0x00000000f9300000)
 ParOldGen       total 349696K, used 349695K [0x00000000e0000000, 0x00000000f5580000, 0x00000000f5580000)
  object space 349696K, 99% used [0x00000000e0000000,0x00000000f557ffe8,0x00000000f5580000)
 Metaspace       used 59235K, committed 60288K, reserved 1105920K
  class space    used 5944K, committed 6400K, reserved 1048576K
}
Event: 1081.088 GC heap after
{Heap after GC invocations=865 (full 763):
 PSYoungGen      total 62976K, used 47103K [0x00000000f5580000, 0x00000000fae80000, 0x0000000100000000)
  eden space 47104K, 99% used [0x00000000f5580000,0x00000000f837ffd8,0x00000000f8380000)
  from space 15872K, 0% used [0x00000000f8380000,0x00000000f8380000,0x00000000f9300000)
  to   space 18432K, 0% used [0x00000000f9c80000,0x00000000f9c80000,0x00000000fae80000)
 ParOldGen       total 349696K, used 349695K [0x00000000e0000000, 0x00000000f5580000, 0x00000000f5580000)
  object space 349696K, 99% used [0x00000000e0000000,0x00000000f557fd18,0x00000000f5580000)
 Metaspace       used 59235K, committed 60288K, reserved 1105920K
  class space    used 5944K, committed 6400K, reserved 1048576K
}
Event: 1081.090 GC heap before
{Heap before GC invocations=866 (full 764):
 PSYoungGen      total 62976K, used 47104K [0x00000000f5580000, 0x00000000fae80000, 0x0000000100000000)
  eden space 47104K, 100% used [0x00000000f5580000,0x00000000f8380000,0x00000000f8380000)
  from space 15872K, 0% used [0x00000000f8380000,0x00000000f8380000,0x00000000f9300000)
  to   space 18432K, 0% used [0x00000000f9c80000,0x00000000f9c80000,0x00000000fae80000)
 ParOldGen       total 349696K, used 349695K [0x00000000e0000000, 0x00000000f5580000, 0x00000000f5580000)
  object space 349696K, 99% used [0x00000000e0000000,0x00000000f557fff8,0x00000000f5580000)
 Metaspace       used 59235K, committed 60288K, reserved 1105920K
  class space    used 5944K, committed 6400K, reserved 1048576K
}
Event: 1082.390 GC heap after
{Heap after GC invocations=866 (full 764):
 PSYoungGen      total 65536K, used 47104K [0x00000000f5580000, 0x00000000fae80000, 0x0000000100000000)
  eden space 47104K, 100% used [0x00000000f5580000,0x00000000f8380000,0x00000000f8380000)
  from space 18432K, 0% used [0x00000000f9c80000,0x00000000f9c80000,0x00000000fae80000)
  to   space 15872K, 0% used [0x00000000f8380000,0x00000000f8380000,0x00000000f9300000)
 ParOldGen       total 349696K, used 349695K [0x00000000e0000000, 0x00000000f5580000, 0x00000000f5580000)
  object space 349696K, 99% used [0x00000000e0000000,0x00000000f557ff08,0x00000000f5580000)
 Metaspace       used 59235K, committed 60288K, reserved 1105920K
  class space    used 5944K, committed 6400K, reserved 1048576K
}
Event: 1082.390 GC heap before
{Heap before GC invocations=867 (full 765):
 PSYoungGen      total 65536K, used 47104K [0x00000000f5580000, 0x00000000fae80000, 0x0000000100000000)
  eden space 47104K, 100% used [0x00000000f5580000,0x00000000f8380000,0x00000000f8380000)
  from space 18432K, 0% used [0x00000000f9c80000,0x00000000f9c80000,0x00000000fae80000)
  to   space 15872K, 0% used [0x00000000f8380000,0x00000000f8380000,0x00000000f9300000)
 ParOldGen       total 349696K, used 349695K [0x00000000e0000000, 0x00000000f5580000, 0x00000000f5580000)
  object space 349696K, 99% used [0x00000000e0000000,0x00000000f557ff70,0x00000000f5580000)
 Metaspace       used 59235K, committed 60288K, reserved 1105920K
  class space    used 5944K, committed 6400K, reserved 1048576K
}
Event: 1083.605 GC heap after
{Heap after GC invocations=867 (full 765):
 PSYoungGen      total 62976K, used 47104K [0x00000000f5580000, 0x00000000fae80000, 0x0000000100000000)
  eden space 47104K, 100% used [0x00000000f5580000,0x00000000f8380000,0x00000000f8380000)
  from space 15872K, 0% used [0x00000000f8380000,0x00000000f8380000,0x00000000f9300000)
  to   space 18432K, 0% used [0x00000000f9c80000,0x00000000f9c80000,0x00000000fae80000)
 ParOldGen       total 349696K, used 349695K [0x00000000e0000000, 0x00000000f5580000, 0x00000000f5580000)
  object space 349696K, 99% used [0x00000000e0000000,0x00000000f557ff00,0x00000000f5580000)
 Metaspace       used 59235K, committed 60288K, reserved 1105920K
  class space    used 5944K, committed 6400K, reserved 1048576K
}
Event: 1083.605 GC heap before
{Heap before GC invocations=868 (full 766):
 PSYoungGen      total 62976K, used 47104K [0x00000000f5580000, 0x00000000fae80000, 0x0000000100000000)
  eden space 47104K, 100% used [0x00000000f5580000,0x00000000f8380000,0x00000000f8380000)
  from space 15872K, 0% used [0x00000000f8380000,0x00000000f8380000,0x00000000f9300000)
  to   space 18432K, 0% used [0x00000000f9c80000,0x00000000f9c80000,0x00000000fae80000)
 ParOldGen       total 349696K, used 349695K [0x00000000e0000000, 0x00000000f5580000, 0x00000000f5580000)
  object space 349696K, 99% used [0x00000000e0000000,0x00000000f557fff8,0x00000000f5580000)
 Metaspace       used 59235K, committed 60288K, reserved 1105920K
  class space    used 5944K, committed 6400K, reserved 1048576K
}
Event: 1084.971 GC heap after
{Heap after GC invocations=868 (full 766):
 PSYoungGen      total 65536K, used 47104K [0x00000000f5580000, 0x00000000fae80000, 0x0000000100000000)
  eden space 47104K, 100% used [0x00000000f5580000,0x00000000f8380000,0x00000000f8380000)
  from space 18432K, 0% used [0x00000000f9c80000,0x00000000f9c80000,0x00000000fae80000)
  to   space 15872K, 0% used [0x00000000f8380000,0x00000000f8380000,0x00000000f9300000)
 ParOldGen       total 349696K, used 349695K [0x00000000e0000000, 0x00000000f5580000, 0x00000000f5580000)
  object space 349696K, 99% used [0x00000000e0000000,0x00000000f557ff08,0x00000000f5580000)
 Metaspace       used 59235K, committed 60288K, reserved 1105920K
  class space    used 5944K, committed 6400K, reserved 1048576K
}
Event: 1084.971 GC heap before
{Heap before GC invocations=869 (full 767):
 PSYoungGen      total 65536K, used 47104K [0x00000000f5580000, 0x00000000fae80000, 0x0000000100000000)
  eden space 47104K, 100% used [0x00000000f5580000,0x00000000f8380000,0x00000000f8380000)
  from space 18432K, 0% used [0x00000000f9c80000,0x00000000f9c80000,0x00000000fae80000)
  to   space 15872K, 0% used [0x00000000f8380000,0x00000000f8380000,0x00000000f9300000)
 ParOldGen       total 349696K, used 349695K [0x00000000e0000000, 0x00000000f5580000, 0x00000000f5580000)
  object space 349696K, 99% used [0x00000000e0000000,0x00000000f557ffe8,0x00000000f5580000)
 Metaspace       used 59235K, committed 60288K, reserved 1105920K
  class space    used 5944K, committed 6400K, reserved 1048576K
}
Event: 1086.154 GC heap after
{Heap after GC invocations=869 (full 767):
 PSYoungGen      total 62976K, used 47103K [0x00000000f5580000, 0x00000000fae80000, 0x0000000100000000)
  eden space 47104K, 99% used [0x00000000f5580000,0x00000000f837ffd0,0x00000000f8380000)
  from space 15872K, 0% used [0x00000000f8380000,0x00000000f8380000,0x00000000f9300000)
  to   space 18432K, 0% used [0x00000000f9c80000,0x00000000f9c80000,0x00000000fae80000)
 ParOldGen       total 349696K, used 349695K [0x00000000e0000000, 0x00000000f5580000, 0x00000000f5580000)
  object space 349696K, 99% used [0x00000000e0000000,0x00000000f557ffe8,0x00000000f5580000)
 Metaspace       used 59235K, committed 60288K, reserved 1105920K
  class space    used 5944K, committed 6400K, reserved 1048576K
}
Event: 1086.154 GC heap before
{Heap before GC invocations=870 (full 768):
 PSYoungGen      total 62976K, used 47103K [0x00000000f5580000, 0x00000000fae80000, 0x0000000100000000)
  eden space 47104K, 99% used [0x00000000f5580000,0x00000000f837ffd0,0x00000000f8380000)
  from space 15872K, 0% used [0x00000000f8380000,0x00000000f8380000,0x00000000f9300000)
  to   space 18432K, 0% used [0x00000000f9c80000,0x00000000f9c80000,0x00000000fae80000)
 ParOldGen       total 349696K, used 349695K [0x00000000e0000000, 0x00000000f5580000, 0x00000000f5580000)
  object space 349696K, 99% used [0x00000000e0000000,0x00000000f557ffe8,0x00000000f5580000)
 Metaspace       used 59235K, committed 60288K, reserved 1105920K
  class space    used 5944K, committed 6400K, reserved 1048576K
}
Event: 1087.408 GC heap after
{Heap after GC invocations=870 (full 768):
 PSYoungGen      total 65536K, used 47103K [0x00000000f5580000, 0x00000000fae80000, 0x0000000100000000)
  eden space 47104K, 99% used [0x00000000f5580000,0x00000000f837ffd0,0x00000000f8380000)
  from space 18432K, 0% used [0x00000000f9c80000,0x00000000f9c80000,0x00000000fae80000)
  to   space 15872K, 0% used [0x00000000f8380000,0x00000000f8380000,0x00000000f9300000)
 ParOldGen       total 349696K, used 349695K [0x00000000e0000000, 0x00000000f5580000, 0x00000000f5580000)
  object space 349696K, 99% used [0x00000000e0000000,0x00000000f557ffe8,0x00000000f5580000)
 Metaspace       used 59235K, committed 60288K, reserved 1105920K
  class space    used 5944K, committed 6400K, reserved 1048576K
}
Event: 1087.453 GC heap before
{Heap before GC invocations=871 (full 769):
 PSYoungGen      total 65536K, used 47103K [0x00000000f5580000, 0x00000000fae80000, 0x0000000100000000)
  eden space 47104K, 99% used [0x00000000f5580000,0x00000000f837ffe8,0x00000000f8380000)
  from space 18432K, 0% used [0x00000000f9c80000,0x00000000f9c80000,0x00000000fae80000)
  to   space 15872K, 0% used [0x00000000f8380000,0x00000000f8380000,0x00000000f9300000)
 ParOldGen       total 349696K, used 349695K [0x00000000e0000000, 0x00000000f5580000, 0x00000000f5580000)
  object space 349696K, 99% used [0x00000000e0000000,0x00000000f557ffe8,0x00000000f5580000)
 Metaspace       used 59235K, committed 60288K, reserved 1105920K
  class space    used 5944K, committed 6400K, reserved 1048576K
}
Event: 1088.599 GC heap after
{Heap after GC invocations=871 (full 769):
 PSYoungGen      total 62976K, used 47103K [0x00000000f5580000, 0x00000000fae80000, 0x0000000100000000)
  eden space 47104K, 99% used [0x00000000f5580000,0x00000000f837ffe8,0x00000000f8380000)
  from space 15872K, 0% used [0x00000000f8380000,0x00000000f8380000,0x00000000f9300000)
  to   space 18432K, 0% used [0x00000000f9c80000,0x00000000f9c80000,0x00000000fae80000)
 ParOldGen       total 349696K, used 349695K [0x00000000e0000000, 0x00000000f5580000, 0x00000000f5580000)
  object space 349696K, 99% used [0x00000000e0000000,0x00000000f557ffe8,0x00000000f5580000)
 Metaspace       used 59235K, committed 60288K, reserved 1105920K
  class space    used 5944K, committed 6400K, reserved 1048576K
}
Event: 1088.599 GC heap before
{Heap before GC invocations=872 (full 770):
 PSYoungGen      total 62976K, used 47103K [0x00000000f5580000, 0x00000000fae80000, 0x0000000100000000)
  eden space 47104K, 99% used [0x00000000f5580000,0x00000000f837ffe8,0x00000000f8380000)
  from space 15872K, 0% used [0x00000000f8380000,0x00000000f8380000,0x00000000f9300000)
  to   space 18432K, 0% used [0x00000000f9c80000,0x00000000f9c80000,0x00000000fae80000)
 ParOldGen       total 349696K, used 349695K [0x00000000e0000000, 0x00000000f5580000, 0x00000000f5580000)
  object space 349696K, 99% used [0x00000000e0000000,0x00000000f557ffe8,0x00000000f5580000)
 Metaspace       used 59235K, committed 60288K, reserved 1105920K
  class space    used 5944K, committed 6400K, reserved 1048576K
}
Event: 1089.901 GC heap after
{Heap after GC invocations=872 (full 770):
 PSYoungGen      total 65536K, used 47103K [0x00000000f5580000, 0x00000000fae80000, 0x0000000100000000)
  eden space 47104K, 99% used [0x00000000f5580000,0x00000000f837ffe8,0x00000000f8380000)
  from space 18432K, 0% used [0x00000000f9c80000,0x00000000f9c80000,0x00000000fae80000)
  to   space 15872K, 0% used [0x00000000f8380000,0x00000000f8380000,0x00000000f9300000)
 ParOldGen       total 349696K, used 349695K [0x00000000e0000000, 0x00000000f5580000, 0x00000000f5580000)
  object space 349696K, 99% used [0x00000000e0000000,0x00000000f557ffe8,0x00000000f5580000)
 Metaspace       used 59235K, committed 60288K, reserved 1105920K
  class space    used 5944K, committed 6400K, reserved 1048576K
}

