# JRE version: OpenJDK Runtime Environment GraalVM CE 22.3.0 (17.0.5+8) (build 17.0.5+8-jvmci-22.3-b08)
# Java VM: OpenJDK 64-Bit Server VM GraalVM CE 22.3.0 (17.0.5+8-jvmci-22.3-b08, mixed mode, sharing, tiered, jvmci, jvmci compiler, compressed oops, compressed class ptrs, parallel gc, linux-amd64)
GC Precious Log:
 CPUs: 8 total, 1 available
 Memory: 1024M
 Large Page Support: Disabled
 NUMA Support: Disabled
 Compressed Oops: Enabled (32-bit)
 Alignments: Space 512K, Generation 512K, Heap 2M
 Heap Min Capacity: 100M
 Heap Initial Capacity: 100M
 Heap Max Capacity: 512M
 Pre-touch: Disabled
 Parallel Workers: 1
Heap:
 PSYoungGen      total 19456K, used 14848K [0x00000000f5580000, 0x00000000f6e00000, 0x0000000100000000)
  eden space 14848K, 100% used [0x00000000f5580000,0x00000000f6400000,0x00000000f6400000)
  from space 4608K, 0% used [0x00000000f6900000,0x00000000f6900000,0x00000000f6d80000)
  to   space 4608K, 0% used [0x00000000f6480000,0x00000000f6480000,0x00000000f6900000)
 ParOldGen       total 349696K, used 349695K [0x00000000e0000000, 0x00000000f5580000, 0x00000000f5580000)
  object space 349696K, 99% used [0x00000000e0000000,0x00000000f557fff8,0x00000000f5580000)
 Metaspace       used 51964K, committed 52864K, reserved 1097728K
  class space    used 5297K, committed 5696K, reserved 1048576K
GC Heap History (20 events):
Event: 313.804 GC heap before
{Heap before GC invocations=408 (full 281):
 PSYoungGen      total 19456K, used 14848K [0x00000000f5580000, 0x00000000f6e00000, 0x0000000100000000)
  eden space 14848K, 100% used [0x00000000f5580000,0x00000000f6400000,0x00000000f6400000)
  from space 4608K, 0% used [0x00000000f6900000,0x00000000f6900000,0x00000000f6d80000)
  to   space 4608K, 0% used [0x00000000f6480000,0x00000000f6480000,0x00000000f6900000)
 ParOldGen       total 349696K, used 349695K [0x00000000e0000000, 0x00000000f5580000, 0x00000000f5580000)
  object space 349696K, 99% used [0x00000000e0000000,0x00000000f557ffe8,0x00000000f5580000)
 Metaspace       used 51964K, committed 52864K, reserved 1097728K
  class space    used 5297K, committed 5696K, reserved 1048576K
}
Event: 314.797 GC heap after
{Heap after GC invocations=408 (full 281):
 PSYoungGen      total 19456K, used 14848K [0x00000000f5580000, 0x00000000f6e00000, 0x0000000100000000)
  eden space 14848K, 100% used [0x00000000f5580000,0x00000000f6400000,0x00000000f6400000)
  from space 4608K, 0% used [0x00000000f6480000,0x00000000f6480000,0x00000000f6900000)
  to   space 4608K, 0% used [0x00000000f6900000,0x00000000f6900000,0x00000000f6d80000)
 ParOldGen       total 349696K, used 349695K [0x00000000e0000000, 0x00000000f5580000, 0x00000000f5580000)
  object space 349696K, 99% used [0x00000000e0000000,0x00000000f557fee0,0x00000000f5580000)
 Metaspace       used 51964K, committed 52864K, reserved 1097728K
  class space    used 5297K, committed 5696K, reserved 1048576K
}
Event: 314.798 GC heap before
{Heap before GC invocations=409 (full 282):
 PSYoungGen      total 19456K, used 14848K [0x00000000f5580000, 0x00000000f6e00000, 0x0000000100000000)
  eden space 14848K, 100% used [0x00000000f5580000,0x00000000f6400000,0x00000000f6400000)
  from space 4608K, 0% used [0x00000000f6480000,0x00000000f6480000,0x00000000f6900000)
  to   space 4608K, 0% used [0x00000000f6900000,0x00000000f6900000,0x00000000f6d80000)
 ParOldGen       total 349696K, used 349695K [0x00000000e0000000, 0x00000000f5580000, 0x00000000f5580000)
  object space 349696K, 99% used [0x00000000e0000000,0x00000000f557ffe8,0x00000000f5580000)
 Metaspace       used 51964K, committed 52864K, reserved 1097728K
  class space    used 5297K, committed 5696K, reserved 1048576K
}
Event: 315.714 GC heap after
{Heap after GC invocations=409 (full 282):
 PSYoungGen      total 19456K, used 14847K [0x00000000f5580000, 0x00000000f6e00000, 0x0000000100000000)
  eden space 14848K, 99% used [0x00000000f5580000,0x00000000f63fffe8,0x00000000f6400000)
  from space 4608K, 0% used [0x00000000f6900000,0x00000000f6900000,0x00000000f6d80000)
  to   space 4608K, 0% used [0x00000000f6480000,0x00000000f6480000,0x00000000f6900000)
 ParOldGen       total 349696K, used 349695K [0x00000000e0000000, 0x00000000f5580000, 0x00000000f5580000)
  object space 349696K, 99% used [0x00000000e0000000,0x00000000f557ff90,0x00000000f5580000)
 Metaspace       used 51964K, committed 52864K, reserved 1097728K
  class space    used 5297K, committed 5696K, reserved 1048576K
}
Event: 315.764 GC heap before
{Heap before GC invocations=410 (full 283):
 PSYoungGen      total 19456K, used 14847K [0x00000000f5580000, 0x00000000f6e00000, 0x0000000100000000)
  eden space 14848K, 99% used [0x00000000f5580000,0x00000000f63fffe8,0x00000000f6400000)
  from space 4608K, 0% used [0x00000000f6900000,0x00000000f6900000,0x00000000f6d80000)
  to   space 4608K, 0% used [0x00000000f6480000,0x00000000f6480000,0x00000000f6900000)
 ParOldGen       total 349696K, used 349695K [0x00000000e0000000, 0x00000000f5580000, 0x00000000f5580000)
  object space 349696K, 99% used [0x00000000e0000000,0x00000000f557ffe8,0x00000000f5580000)
 Metaspace       used 51964K, committed 52864K, reserved 1097728K
  class space    used 5297K, committed 5696K, reserved 1048576K
}
Event: 316.665 GC heap after
{Heap after GC invocations=410 (full 283):
 PSYoungGen      total 19456K, used 14847K [0x00000000f5580000, 0x00000000f6e00000, 0x0000000100000000)
  eden space 14848K, 99% used [0x00000000f5580000,0x00000000f63fffe8,0x00000000f6400000)
  from space 4608K, 0% used [0x00000000f6480000,0x00000000f6480000,0x00000000f6900000)
  to   space 4608K, 0% used [0x00000000f6900000,0x00000000f6900000,0x00000000f6d80000)
 ParOldGen       total 349696K, used 349695K [0x00000000e0000000, 0x00000000f5580000, 0x00000000f5580000)
  object space 349696K, 99% used [0x00000000e0000000,0x00000000f557ff78,0x00000000f5580000)
 Metaspace       used 51964K, committed 52864K, reserved 1097728K
  class space    used 5297K, committed 5696K, reserved 1048576K
}
Event: 316.665 GC heap before
{Heap before GC invocations=411 (full 284):
 PSYoungGen      total 19456K, used 14848K [0x00000000f5580000, 0x00000000f6e00000, 0x0000000100000000)
  eden space 14848K, 100% used [0x00000000f5580000,0x00000000f6400000,0x00000000f6400000)
  from space 4608K, 0% used [0x00000000f6480000,0x00000000f6480000,0x00000000f6900000)
  to   space 4608K, 0% used [0x00000000f6900000,0x00000000f6900000,0x00000000f6d80000)
 ParOldGen       total 349696K, used 349695K [0x00000000e0000000, 0x00000000f5580000, 0x00000000f5580000)
  object space 349696K, 99% used [0x00000000e0000000,0x00000000f557ffe8,0x00000000f5580000)
 Metaspace       used 51964K, committed 52864K, reserved 1097728K
  class space    used 5297K, committed 5696K, reserved 1048576K
}
Event: 317.674 GC heap after
{Heap after GC invocations=411 (full 284):
 PSYoungGen      total 19456K, used 14848K [0x00000000f5580000, 0x00000000f6e00000, 0x0000000100000000)
  eden space 14848K, 100% used [0x00000000f5580000,0x00000000f6400000,0x00000000f6400000)
  from space 4608K, 0% used [0x00000000f6900000,0x00000000f6900000,0x00000000f6d80000)
  to   space 4608K, 0% used [0x00000000f6480000,0x00000000f6480000,0x00000000f6900000)
 ParOldGen       total 349696K, used 349695K [0x00000000e0000000, 0x00000000f5580000, 0x00000000f5580000)
  object space 349696K, 99% used [0x00000000e0000000,0x00000000f557ff60,0x00000000f5580000)
 Metaspace       used 51964K, committed 52864K, reserved 1097728K
  class space    used 5297K, committed 5696K, reserved 1048576K
}
Event: 317.674 GC heap before
{Heap before GC invocations=412 (full 285):
 PSYoungGen      total 19456K, used 14848K [0x00000000f5580000, 0x00000000f6e00000, 0x0000000100000000)
  eden space 14848K, 100% used [0x00000000f5580000,0x00000000f6400000,0x00000000f6400000)
  from space 4608K, 0% used [0x00000000f6900000,0x00000000f6900000,0x00000000f6d80000)
  to   space 4608K, 0% used [0x00000000f6480000,0x00000000f6480000,0x00000000f6900000)
 ParOldGen       total 349696K, used 349695K [0x00000000e0000000, 0x00000000f5580000, 0x00000000f5580000)
  object space 349696K, 99% used [0x00000000e0000000,0x00000000f557ffd8,0x00000000f5580000)
 Metaspace       used 51964K, committed 52864K, reserved 1097728K
  class space    used 5297K, committed 5696K, reserved 1048576K
}
Event: 318.602 GC heap after
{Heap after GC invocations=412 (full 285):
 PSYoungGen      total 19456K, used 14847K [0x00000000f5580000, 0x00000000f6e00000, 0x0000000100000000)
  eden space 14848K, 99% used [0x00000000f5580000,0x00000000f63fffe8,0x00000000f6400000)
  from space 4608K, 0% used [0x00000000f6480000,0x00000000f6480000,0x00000000f6900000)
  to   space 4608K, 0% used [0x00000000f6900000,0x00000000f6900000,0x00000000f6d80000)
 ParOldGen       total 349696K, used 349695K [0x00000000e0000000, 0x00000000f5580000, 0x00000000f5580000)
  object space 349696K, 99% used [0x00000000e0000000,0x00000000f557ffd8,0x00000000f5580000)
 Metaspace       used 51964K, committed 52864K, reserved 1097728K
  class space    used 5297K, committed 5696K, reserved 1048576K
}
Event: 318.602 GC heap before
{Heap before GC invocations=413 (full 286):
 PSYoungGen      total 19456K, used 14847K [0x00000000f5580000, 0x00000000f6e00000, 0x0000000100000000)
  eden space 14848K, 99% used [0x00000000f5580000,0x00000000f63fffe8,0x00000000f6400000)
  from space 4608K, 0% used [0x00000000f6480000,0x00000000f6480000,0x00000000f6900000)
  to   space 4608K, 0% used [0x00000000f6900000,0x00000000f6900000,0x00000000f6d80000)
 ParOldGen       total 349696K, used 349695K [0x00000000e0000000, 0x00000000f5580000, 0x00000000f5580000)
  object space 349696K, 99% used [0x00000000e0000000,0x00000000f557ffd8,0x00000000f5580000)
 Metaspace       used 51964K, committed 52864K, reserved 1097728K
  class space    used 5297K, committed 5696K, reserved 1048576K
}
Event: 319.508 GC heap after
{Heap after GC invocations=413 (full 286):
 PSYoungGen      total 19456K, used 14847K [0x00000000f5580000, 0x00000000f6e00000, 0x0000000100000000)
  eden space 14848K, 99% used [0x00000000f5580000,0x00000000f63fffe8,0x00000000f6400000)
  from space 4608K, 0% used [0x00000000f6900000,0x00000000f6900000,0x00000000f6d80000)
  to   space 4608K, 0% used [0x00000000f6480000,0x00000000f6480000,0x00000000f6900000)
 ParOldGen       total 349696K, used 349695K [0x00000000e0000000, 0x00000000f5580000, 0x00000000f5580000)
  object space 349696K, 99% used [0x00000000e0000000,0x00000000f557ffd8,0x00000000f5580000)
 Metaspace       used 51964K, committed 52864K, reserved 1097728K
  class space    used 5297K, committed 5696K, reserved 1048576K
}
Event: 319.508 GC heap before
{Heap before GC invocations=414 (full 287):
 PSYoungGen      total 19456K, used 14848K [0x00000000f5580000, 0x00000000f6e00000, 0x0000000100000000)
  eden space 14848K, 100% used [0x00000000f5580000,0x00000000f6400000,0x00000000f6400000)
  from space 4608K, 0% used [0x00000000f6900000,0x00000000f6900000,0x00000000f6d80000)
  to   space 4608K, 0% used [0x00000000f6480000,0x00000000f6480000,0x00000000f6900000)
 ParOldGen       total 349696K, used 349695K [0x00000000e0000000, 0x00000000f5580000, 0x00000000f5580000)
  object space 349696K, 99% used [0x00000000e0000000,0x00000000f557fff8,0x00000000f5580000)
 Metaspace       used 51964K, committed 52864K, reserved 1097728K
  class space    used 5297K, committed 5696K, reserved 1048576K
}
Event: 320.486 GC heap after
{Heap after GC invocations=414 (full 287):
 PSYoungGen      total 19456K, used 14848K [0x00000000f5580000, 0x00000000f6e00000, 0x0000000100000000)
  eden space 14848K, 100% used [0x00000000f5580000,0x00000000f6400000,0x00000000f6400000)
  from space 4608K, 0% used [0x00000000f6480000,0x00000000f6480000,0x00000000f6900000)
  to   space 4608K, 0% used [0x00000000f6900000,0x00000000f6900000,0x00000000f6d80000)
 ParOldGen       total 349696K, used 349695K [0x00000000e0000000, 0x00000000f5580000, 0x00000000f5580000)
  object space 349696K, 99% used [0x00000000e0000000,0x00000000f557fff8,0x00000000f5580000)
 Metaspace       used 51964K, committed 52864K, reserved 1097728K
  class space    used 5297K, committed 5696K, reserved 1048576K
}
Event: 320.486 GC heap before
{Heap before GC invocations=415 (full 288):
 PSYoungGen      total 19456K, used 14848K [0x00000000f5580000, 0x00000000f6e00000, 0x0000000100000000)
  eden space 14848K, 100% used [0x00000000f5580000,0x00000000f6400000,0x00000000f6400000)
  from space 4608K, 0% used [0x00000000f6480000,0x00000000f6480000,0x00000000f6900000)
  to   space 4608K, 0% used [0x00000000f6900000,0x00000000f6900000,0x00000000f6d80000)
 ParOldGen       total 349696K, used 349695K [0x00000000e0000000, 0x00000000f5580000, 0x00000000f5580000)
  object space 349696K, 99% used [0x00000000e0000000,0x00000000f557fff8,0x00000000f5580000)
 Metaspace       used 51964K, committed 52864K, reserved 1097728K
  class space    used 5297K, committed 5696K, reserved 1048576K
}
Event: 321.466 GC heap after
{Heap after GC invocations=415 (full 288):
 PSYoungGen      total 19456K, used 14848K [0x00000000f5580000, 0x00000000f6e00000, 0x0000000100000000)
  eden space 14848K, 100% used [0x00000000f5580000,0x00000000f6400000,0x00000000f6400000)
  from space 4608K, 0% used [0x00000000f6900000,0x00000000f6900000,0x00000000f6d80000)
  to   space 4608K, 0% used [0x00000000f6480000,0x00000000f6480000,0x00000000f6900000)
 ParOldGen       total 349696K, used 349695K [0x00000000e0000000, 0x00000000f5580000, 0x00000000f5580000)
  object space 349696K, 99% used [0x00000000e0000000,0x00000000f557fff8,0x00000000f5580000)
 Metaspace       used 51964K, committed 52864K, reserved 1097728K
  class space    used 5297K, committed 5696K, reserved 1048576K
}
Event: 321.467 GC heap before
{Heap before GC invocations=416 (full 289):
 PSYoungGen      total 19456K, used 14848K [0x00000000f5580000, 0x00000000f6e00000, 0x0000000100000000)
  eden space 14848K, 100% used [0x00000000f5580000,0x00000000f6400000,0x00000000f6400000)
  from space 4608K, 0% used [0x00000000f6900000,0x00000000f6900000,0x00000000f6d80000)
  to   space 4608K, 0% used [0x00000000f6480000,0x00000000f6480000,0x00000000f6900000)
 ParOldGen       total 349696K, used 349695K [0x00000000e0000000, 0x00000000f5580000, 0x00000000f5580000)
  object space 349696K, 99% used [0x00000000e0000000,0x00000000f557fff8,0x00000000f5580000)
 Metaspace       used 51964K, committed 52864K, reserved 1097728K
  class space    used 5297K, committed 5696K, reserved 1048576K
}
Event: 322.306 GC heap after
{Heap after GC invocations=416 (full 289):
 PSYoungGen      total 19456K, used 14848K [0x00000000f5580000, 0x00000000f6e00000, 0x0000000100000000)
  eden space 14848K, 100% used [0x00000000f5580000,0x00000000f6400000,0x00000000f6400000)
  from space 4608K, 0% used [0x00000000f6480000,0x00000000f6480000,0x00000000f6900000)
  to   space 4608K, 0% used [0x00000000f6900000,0x00000000f6900000,0x00000000f6d80000)
 ParOldGen       total 349696K, used 349695K [0x00000000e0000000, 0x00000000f5580000, 0x00000000f5580000)
  object space 349696K, 99% used [0x00000000e0000000,0x00000000f557fff8,0x00000000f5580000)
 Metaspace       used 51964K, committed 52864K, reserved 1097728K
  class space    used 5297K, committed 5696K, reserved 1048576K
}
Event: 322.306 GC heap before
{Heap before GC invocations=417 (full 290):
 PSYoungGen      total 19456K, used 14848K [0x00000000f5580000, 0x00000000f6e00000, 0x0000000100000000)
  eden space 14848K, 100% used [0x00000000f5580000,0x00000000f6400000,0x00000000f6400000)
  from space 4608K, 0% used [0x00000000f6480000,0x00000000f6480000,0x00000000f6900000)
  to   space 4608K, 0% used [0x00000000f6900000,0x00000000f6900000,0x00000000f6d80000)
 ParOldGen       total 349696K, used 349695K [0x00000000e0000000, 0x00000000f5580000, 0x00000000f5580000)
  object space 349696K, 99% used [0x00000000e0000000,0x00000000f557fff8,0x00000000f5580000)
 Metaspace       used 51964K, committed 52864K, reserved 1097728K
  class space    used 5297K, committed 5696K, reserved 1048576K
}
Event: 323.206 GC heap after
{Heap after GC invocations=417 (full 290):
 PSYoungGen      total 19456K, used 14848K [0x00000000f5580000, 0x00000000f6e00000, 0x0000000100000000)
  eden space 14848K, 100% used [0x00000000f5580000,0x00000000f6400000,0x00000000f6400000)
  from space 4608K, 0% used [0x00000000f6900000,0x00000000f6900000,0x00000000f6d80000)
  to   space 4608K, 0% used [0x00000000f6480000,0x00000000f6480000,0x00000000f6900000)
 ParOldGen       total 349696K, used 349695K [0x00000000e0000000, 0x00000000f5580000, 0x00000000f5580000)
  object space 349696K, 99% used [0x00000000e0000000,0x00000000f557fff8,0x00000000f5580000)
 Metaspace       used 51964K, committed 52864K, reserved 1097728K
  class space    used 5297K, committed 5696K, reserved 1048576K
}

